{"/home/asus/Documents/PracticeProjects/s2hms/src/main.ts": {"path":"/home/asus/Documents/PracticeProjects/s2hms/src/main.ts","all":false,"statementMap":{"0":{"start":{"line":1,"column":0},"end":{"line":1,"column":24}},"1":{"start":{"line":2,"column":0},"end":{"line":2,"column":43}},"2":{"start":{"line":3,"column":0},"end":{"line":3,"column":22}},"3":{"start":{"line":4,"column":0},"end":{"line":4,"column":1}},"4":{"start":{"line":5,"column":0},"end":{"line":5,"column":0}},"5":{"start":{"line":6,"column":0},"end":{"line":6,"column":23}},"6":{"start":{"line":7,"column":0},"end":{"line":7,"column":43}},"7":{"start":{"line":8,"column":0},"end":{"line":8,"column":23}},"8":{"start":{"line":9,"column":0},"end":{"line":9,"column":1}},"9":{"start":{"line":10,"column":0},"end":{"line":10,"column":0}},"10":{"start":{"line":11,"column":0},"end":{"line":11,"column":60}},"11":{"start":{"line":12,"column":0},"end":{"line":12,"column":36}},"12":{"start":{"line":13,"column":0},"end":{"line":13,"column":27}},"13":{"start":{"line":14,"column":0},"end":{"line":14,"column":23}},"14":{"start":{"line":15,"column":0},"end":{"line":15,"column":6}},"15":{"start":{"line":16,"column":0},"end":{"line":16,"column":0}},"16":{"start":{"line":17,"column":0},"end":{"line":17,"column":40}},"17":{"start":{"line":18,"column":0},"end":{"line":18,"column":40}},"18":{"start":{"line":19,"column":0},"end":{"line":19,"column":21}},"19":{"start":{"line":20,"column":0},"end":{"line":20,"column":31}},"20":{"start":{"line":21,"column":0},"end":{"line":21,"column":43}},"21":{"start":{"line":22,"column":0},"end":{"line":22,"column":31}},"22":{"start":{"line":23,"column":0},"end":{"line":23,"column":6}},"23":{"start":{"line":24,"column":0},"end":{"line":24,"column":0}},"24":{"start":{"line":25,"column":0},"end":{"line":25,"column":18}},"25":{"start":{"line":26,"column":0},"end":{"line":26,"column":38}},"26":{"start":{"line":27,"column":0},"end":{"line":27,"column":40}},"27":{"start":{"line":28,"column":0},"end":{"line":28,"column":33}},"28":{"start":{"line":29,"column":0},"end":{"line":29,"column":6}},"29":{"start":{"line":30,"column":0},"end":{"line":30,"column":0}},"30":{"start":{"line":31,"column":0},"end":{"line":31,"column":64}},"31":{"start":{"line":32,"column":0},"end":{"line":32,"column":87}},"32":{"start":{"line":33,"column":0},"end":{"line":33,"column":23}},"33":{"start":{"line":34,"column":0},"end":{"line":34,"column":16}},"34":{"start":{"line":35,"column":0},"end":{"line":35,"column":21}},"35":{"start":{"line":36,"column":0},"end":{"line":36,"column":9}},"36":{"start":{"line":37,"column":0},"end":{"line":37,"column":5}},"37":{"start":{"line":38,"column":0},"end":{"line":38,"column":0}},"38":{"start":{"line":39,"column":0},"end":{"line":39,"column":30}},"39":{"start":{"line":40,"column":0},"end":{"line":40,"column":30}},"40":{"start":{"line":41,"column":0},"end":{"line":41,"column":29}},"41":{"start":{"line":42,"column":0},"end":{"line":42,"column":36}},"42":{"start":{"line":43,"column":0},"end":{"line":43,"column":26}},"43":{"start":{"line":44,"column":0},"end":{"line":44,"column":34}},"44":{"start":{"line":45,"column":0},"end":{"line":45,"column":13}},"45":{"start":{"line":46,"column":0},"end":{"line":46,"column":103}},"46":{"start":{"line":47,"column":0},"end":{"line":47,"column":56}},"47":{"start":{"line":48,"column":0},"end":{"line":48,"column":56}},"48":{"start":{"line":49,"column":0},"end":{"line":49,"column":74}},"49":{"start":{"line":50,"column":0},"end":{"line":50,"column":23}},"50":{"start":{"line":51,"column":0},"end":{"line":51,"column":20}},"51":{"start":{"line":52,"column":0},"end":{"line":52,"column":59}},"52":{"start":{"line":53,"column":0},"end":{"line":53,"column":13}},"53":{"start":{"line":54,"column":0},"end":{"line":54,"column":10}},"54":{"start":{"line":55,"column":0},"end":{"line":55,"column":34}},"55":{"start":{"line":56,"column":0},"end":{"line":56,"column":5}},"56":{"start":{"line":57,"column":0},"end":{"line":57,"column":23}},"57":{"start":{"line":58,"column":0},"end":{"line":58,"column":1}},"58":{"start":{"line":59,"column":0},"end":{"line":59,"column":0}},"59":{"start":{"line":60,"column":0},"end":{"line":60,"column":157}},"60":{"start":{"line":61,"column":0},"end":{"line":61,"column":39}},"61":{"start":{"line":62,"column":0},"end":{"line":62,"column":67}},"62":{"start":{"line":63,"column":0},"end":{"line":63,"column":56}},"63":{"start":{"line":64,"column":0},"end":{"line":64,"column":60}},"64":{"start":{"line":65,"column":0},"end":{"line":65,"column":59}},"65":{"start":{"line":66,"column":0},"end":{"line":66,"column":5}},"66":{"start":{"line":67,"column":0},"end":{"line":67,"column":0}},"67":{"start":{"line":68,"column":0},"end":{"line":68,"column":54}},"68":{"start":{"line":69,"column":0},"end":{"line":69,"column":43}},"69":{"start":{"line":70,"column":0},"end":{"line":70,"column":43}},"70":{"start":{"line":71,"column":0},"end":{"line":71,"column":24}},"71":{"start":{"line":72,"column":0},"end":{"line":72,"column":5}},"72":{"start":{"line":73,"column":0},"end":{"line":73,"column":0}},"73":{"start":{"line":74,"column":0},"end":{"line":74,"column":59}},"74":{"start":{"line":75,"column":0},"end":{"line":75,"column":58}},"75":{"start":{"line":76,"column":0},"end":{"line":76,"column":6}},"76":{"start":{"line":77,"column":0},"end":{"line":77,"column":0}},"77":{"start":{"line":78,"column":0},"end":{"line":78,"column":56}},"78":{"start":{"line":79,"column":0},"end":{"line":79,"column":82}},"79":{"start":{"line":80,"column":0},"end":{"line":80,"column":36}},"80":{"start":{"line":81,"column":0},"end":{"line":81,"column":53}},"81":{"start":{"line":82,"column":0},"end":{"line":82,"column":24}},"82":{"start":{"line":83,"column":0},"end":{"line":83,"column":107}},"83":{"start":{"line":84,"column":0},"end":{"line":84,"column":10}},"84":{"start":{"line":85,"column":0},"end":{"line":85,"column":66}},"85":{"start":{"line":86,"column":0},"end":{"line":86,"column":79}},"86":{"start":{"line":87,"column":0},"end":{"line":87,"column":12}},"87":{"start":{"line":88,"column":0},"end":{"line":88,"column":48}},"88":{"start":{"line":89,"column":0},"end":{"line":89,"column":5}},"89":{"start":{"line":90,"column":0},"end":{"line":90,"column":1}},"90":{"start":{"line":91,"column":0},"end":{"line":91,"column":0}},"91":{"start":{"line":92,"column":0},"end":{"line":92,"column":57}},"92":{"start":{"line":93,"column":0},"end":{"line":93,"column":35}},"93":{"start":{"line":94,"column":0},"end":{"line":94,"column":27}},"94":{"start":{"line":95,"column":0},"end":{"line":95,"column":24}},"95":{"start":{"line":96,"column":0},"end":{"line":96,"column":5}},"96":{"start":{"line":97,"column":0},"end":{"line":97,"column":40}},"97":{"start":{"line":98,"column":0},"end":{"line":98,"column":63}},"98":{"start":{"line":99,"column":0},"end":{"line":99,"column":1}},"99":{"start":{"line":100,"column":0},"end":{"line":100,"column":0}},"100":{"start":{"line":101,"column":0},"end":{"line":101,"column":57}},"101":{"start":{"line":102,"column":0},"end":{"line":102,"column":35}},"102":{"start":{"line":103,"column":0},"end":{"line":103,"column":27}},"103":{"start":{"line":104,"column":0},"end":{"line":104,"column":23}},"104":{"start":{"line":105,"column":0},"end":{"line":105,"column":5}},"105":{"start":{"line":106,"column":0},"end":{"line":106,"column":40}},"106":{"start":{"line":107,"column":0},"end":{"line":107,"column":65}},"107":{"start":{"line":108,"column":0},"end":{"line":108,"column":1}},"108":{"start":{"line":109,"column":0},"end":{"line":109,"column":0}},"109":{"start":{"line":110,"column":0},"end":{"line":110,"column":57}},"110":{"start":{"line":111,"column":0},"end":{"line":111,"column":35}},"111":{"start":{"line":112,"column":0},"end":{"line":112,"column":27}},"112":{"start":{"line":113,"column":0},"end":{"line":113,"column":23}},"113":{"start":{"line":114,"column":0},"end":{"line":114,"column":5}},"114":{"start":{"line":115,"column":0},"end":{"line":115,"column":40}},"115":{"start":{"line":116,"column":0},"end":{"line":116,"column":60}},"116":{"start":{"line":117,"column":0},"end":{"line":117,"column":1}},"117":{"start":{"line":118,"column":0},"end":{"line":118,"column":0}},"118":{"start":{"line":119,"column":0},"end":{"line":119,"column":29}}},"s":{"0":1,"1":1,"2":1,"3":1,"4":1,"5":1,"6":1,"7":1,"8":1,"9":1,"10":1,"11":17,"12":17,"13":17,"14":17,"15":17,"16":17,"17":17,"18":17,"19":17,"20":17,"21":17,"22":17,"23":17,"24":17,"25":17,"26":17,"27":17,"28":17,"29":17,"30":17,"31":51,"32":5,"33":51,"34":46,"35":46,"36":51,"37":17,"38":17,"39":17,"40":17,"41":17,"42":51,"43":19,"44":19,"45":51,"46":51,"47":51,"48":51,"49":13,"50":51,"51":38,"52":38,"53":51,"54":17,"55":17,"56":17,"57":17,"58":1,"59":1,"60":29,"61":29,"62":29,"63":29,"64":29,"65":29,"66":29,"67":29,"68":29,"69":29,"70":29,"71":29,"72":29,"73":29,"74":29,"75":29,"76":29,"77":29,"78":29,"79":29,"80":29,"81":3,"82":3,"83":3,"84":29,"85":5,"86":26,"87":21,"88":21,"89":21,"90":1,"91":1,"92":11,"93":11,"94":11,"95":11,"96":11,"97":11,"98":11,"99":1,"100":1,"101":11,"102":11,"103":11,"104":11,"105":11,"106":11,"107":11,"108":1,"109":1,"110":7,"111":7,"112":7,"113":7,"114":7,"115":7,"116":7,"117":1,"118":1},"branchMap":{"0":{"type":"branch","line":11,"loc":{"start":{"line":11,"column":59},"end":{"line":58,"column":1}},"locations":[{"start":{"line":11,"column":59},"end":{"line":58,"column":1}}]},"1":{"type":"branch","line":31,"loc":{"start":{"line":31,"column":24},"end":{"line":37,"column":5}},"locations":[{"start":{"line":31,"column":24},"end":{"line":37,"column":5}}]},"2":{"type":"branch","line":32,"loc":{"start":{"line":32,"column":23},"end":{"line":32,"column":45}},"locations":[{"start":{"line":32,"column":23},"end":{"line":32,"column":45}}]},"3":{"type":"branch","line":32,"loc":{"start":{"line":32,"column":40},"end":{"line":32,"column":86}},"locations":[{"start":{"line":32,"column":40},"end":{"line":32,"column":86}}]},"4":{"type":"branch","line":32,"loc":{"start":{"line":32,"column":56},"end":{"line":32,"column":86}},"locations":[{"start":{"line":32,"column":56},"end":{"line":32,"column":86}}]},"5":{"type":"branch","line":32,"loc":{"start":{"line":32,"column":86},"end":{"line":34,"column":15}},"locations":[{"start":{"line":32,"column":86},"end":{"line":34,"column":15}}]},"6":{"type":"branch","line":34,"loc":{"start":{"line":34,"column":8},"end":{"line":36,"column":9}},"locations":[{"start":{"line":34,"column":8},"end":{"line":36,"column":9}}]},"7":{"type":"branch","line":39,"loc":{"start":{"line":39,"column":23},"end":{"line":56,"column":5}},"locations":[{"start":{"line":39,"column":23},"end":{"line":56,"column":5}}]},"8":{"type":"branch","line":42,"loc":{"start":{"line":42,"column":22},"end":{"line":54,"column":10}},"locations":[{"start":{"line":42,"column":22},"end":{"line":54,"column":10}}]},"9":{"type":"branch","line":43,"loc":{"start":{"line":43,"column":25},"end":{"line":46,"column":18}},"locations":[{"start":{"line":43,"column":25},"end":{"line":46,"column":18}}]},"10":{"type":"branch","line":46,"loc":{"start":{"line":46,"column":35},"end":{"line":46,"column":70}},"locations":[{"start":{"line":46,"column":35},"end":{"line":46,"column":70}}]},"11":{"type":"branch","line":46,"loc":{"start":{"line":46,"column":66},"end":{"line":46,"column":79}},"locations":[{"start":{"line":46,"column":66},"end":{"line":46,"column":79}}]},"12":{"type":"branch","line":46,"loc":{"start":{"line":46,"column":73},"end":{"line":46,"column":103}},"locations":[{"start":{"line":46,"column":73},"end":{"line":46,"column":103}}]},"13":{"type":"branch","line":49,"loc":{"start":{"line":49,"column":27},"end":{"line":49,"column":52}},"locations":[{"start":{"line":49,"column":27},"end":{"line":49,"column":52}}]},"14":{"type":"branch","line":49,"loc":{"start":{"line":49,"column":47},"end":{"line":49,"column":73}},"locations":[{"start":{"line":49,"column":47},"end":{"line":49,"column":73}}]},"15":{"type":"branch","line":49,"loc":{"start":{"line":49,"column":73},"end":{"line":51,"column":19}},"locations":[{"start":{"line":49,"column":73},"end":{"line":51,"column":19}}]},"16":{"type":"branch","line":51,"loc":{"start":{"line":51,"column":12},"end":{"line":53,"column":13}},"locations":[{"start":{"line":51,"column":12},"end":{"line":53,"column":13}}]},"17":{"type":"branch","line":60,"loc":{"start":{"line":60,"column":30},"end":{"line":90,"column":1}},"locations":[{"start":{"line":60,"column":30},"end":{"line":90,"column":1}}]},"18":{"type":"branch","line":78,"loc":{"start":{"line":78,"column":31},"end":{"line":78,"column":45}},"locations":[{"start":{"line":78,"column":31},"end":{"line":78,"column":45}}]},"19":{"type":"branch","line":78,"loc":{"start":{"line":78,"column":39},"end":{"line":78,"column":56}},"locations":[{"start":{"line":78,"column":39},"end":{"line":78,"column":56}}]},"20":{"type":"branch","line":79,"loc":{"start":{"line":79,"column":36},"end":{"line":79,"column":79}},"locations":[{"start":{"line":79,"column":36},"end":{"line":79,"column":79}}]},"21":{"type":"branch","line":79,"loc":{"start":{"line":79,"column":67},"end":{"line":79,"column":82}},"locations":[{"start":{"line":79,"column":67},"end":{"line":79,"column":82}}]},"22":{"type":"branch","line":81,"loc":{"start":{"line":81,"column":21},"end":{"line":81,"column":52}},"locations":[{"start":{"line":81,"column":21},"end":{"line":81,"column":52}}]},"23":{"type":"branch","line":81,"loc":{"start":{"line":81,"column":52},"end":{"line":85,"column":15}},"locations":[{"start":{"line":81,"column":52},"end":{"line":85,"column":15}}]},"24":{"type":"branch","line":85,"loc":{"start":{"line":85,"column":4},"end":{"line":90,"column":1}},"locations":[{"start":{"line":85,"column":4},"end":{"line":90,"column":1}}]},"25":{"type":"branch","line":85,"loc":{"start":{"line":85,"column":28},"end":{"line":85,"column":56}},"locations":[{"start":{"line":85,"column":28},"end":{"line":85,"column":56}}]},"26":{"type":"branch","line":85,"loc":{"start":{"line":85,"column":36},"end":{"line":85,"column":65}},"locations":[{"start":{"line":85,"column":36},"end":{"line":85,"column":65}}]},"27":{"type":"branch","line":85,"loc":{"start":{"line":85,"column":65},"end":{"line":87,"column":11}},"locations":[{"start":{"line":85,"column":65},"end":{"line":87,"column":11}}]},"28":{"type":"branch","line":87,"loc":{"start":{"line":87,"column":4},"end":{"line":90,"column":1}},"locations":[{"start":{"line":87,"column":4},"end":{"line":90,"column":1}}]},"29":{"type":"branch","line":74,"loc":{"start":{"line":74,"column":24},"end":{"line":76,"column":6}},"locations":[{"start":{"line":74,"column":24},"end":{"line":76,"column":6}}]},"30":{"type":"branch","line":75,"loc":{"start":{"line":75,"column":26},"end":{"line":75,"column":49}},"locations":[{"start":{"line":75,"column":26},"end":{"line":75,"column":49}}]},"31":{"type":"branch","line":75,"loc":{"start":{"line":75,"column":45},"end":{"line":75,"column":55}},"locations":[{"start":{"line":75,"column":45},"end":{"line":75,"column":55}}]},"32":{"type":"branch","line":75,"loc":{"start":{"line":75,"column":49},"end":{"line":75,"column":58}},"locations":[{"start":{"line":75,"column":49},"end":{"line":75,"column":58}}]},"33":{"type":"branch","line":92,"loc":{"start":{"line":92,"column":13},"end":{"line":99,"column":1}},"locations":[{"start":{"line":92,"column":13},"end":{"line":99,"column":1}}]},"34":{"type":"branch","line":101,"loc":{"start":{"line":101,"column":13},"end":{"line":108,"column":1}},"locations":[{"start":{"line":101,"column":13},"end":{"line":108,"column":1}}]},"35":{"type":"branch","line":110,"loc":{"start":{"line":110,"column":13},"end":{"line":117,"column":1}},"locations":[{"start":{"line":110,"column":13},"end":{"line":117,"column":1}}]},"36":{"type":"branch","line":119,"loc":{"start":{"line":119,"column":25},"end":{"line":119,"column":29}},"locations":[{"start":{"line":119,"column":25},"end":{"line":119,"column":29}}]}},"b":{"0":[17],"1":[51],"2":[15],"3":[47],"4":[11],"5":[5],"6":[46],"7":[17],"8":[51],"9":[19],"10":[27],"11":[2],"12":[49],"13":[27],"14":[15],"15":[13],"16":[38],"17":[29],"18":[6],"19":[23],"20":[21],"21":[8],"22":[14],"23":[3],"24":[26],"25":[11],"26":[8],"27":[5],"28":[21],"29":[29],"30":[10],"31":[9],"32":[20],"33":[11],"34":[11],"35":[7],"36":[5]},"fnMap":{"0":{"name":"s2hms","decl":{"start":{"line":11,"column":59},"end":{"line":58,"column":1}},"loc":{"start":{"line":11,"column":59},"end":{"line":58,"column":1}},"line":11},"1":{"name":"setPostFix","decl":{"start":{"line":31,"column":24},"end":{"line":37,"column":5}},"loc":{"start":{"line":31,"column":24},"end":{"line":37,"column":5}},"line":31},"2":{"name":"timeString","decl":{"start":{"line":39,"column":23},"end":{"line":56,"column":5}},"loc":{"start":{"line":39,"column":23},"end":{"line":56,"column":5}},"line":39},"3":{"name":"makeExplicitTimeUnit","decl":{"start":{"line":60,"column":30},"end":{"line":90,"column":1}},"loc":{"start":{"line":60,"column":30},"end":{"line":90,"column":1}},"line":60},"4":{"name":"setPostFix","decl":{"start":{"line":74,"column":24},"end":{"line":76,"column":6}},"loc":{"start":{"line":74,"column":24},"end":{"line":76,"column":6}},"line":74},"5":{"name":"s2h","decl":{"start":{"line":92,"column":13},"end":{"line":99,"column":1}},"loc":{"start":{"line":92,"column":13},"end":{"line":99,"column":1}},"line":92},"6":{"name":"s2m","decl":{"start":{"line":101,"column":13},"end":{"line":108,"column":1}},"loc":{"start":{"line":101,"column":13},"end":{"line":108,"column":1}},"line":101},"7":{"name":"s2s","decl":{"start":{"line":110,"column":13},"end":{"line":117,"column":1}},"loc":{"start":{"line":110,"column":13},"end":{"line":117,"column":1}},"line":110},"8":{"name":"get","decl":{"start":{"line":119,"column":25},"end":{"line":119,"column":29}},"loc":{"start":{"line":119,"column":25},"end":{"line":119,"column":29}},"line":119}},"f":{"0":17,"1":51,"2":17,"3":29,"4":29,"5":11,"6":11,"7":7,"8":5}}
}
